<?xml version="1.0" encoding="UTF-8"?>
<!-- Generated by org.testng.reporters.JUnitReportReporter -->
<testsuite skipped="0" hostname="LAPTOP-M037PSRF" name="Com.qa.test.demotest" tests="4" failures="0" timestamp="01 Feb 2021 15:19:13 GMT" time="0.009" errors="0">
  <testcase name="sub" time="0.002" classname="Com.qa.test.demotest"/>
  <testcase name="div" time="0.003" classname="Com.qa.test.demotest"/>
  <testcase name="mul" time="0.003" classname="Com.qa.test.demotest"/>
  <testcase name="sum" time="0.001" classname="Com.qa.test.demotest"/>
</testsuite> <!-- Com.qa.test.demotest -->
