<?xml version="1.0" encoding="UTF-8"?>
<!-- Generated by org.testng.reporters.JUnitReportReporter -->
<testsuite skipped="0" hostname="LAPTOP-M037PSRF" name="mavennaveen.mavennaveen.AppTest" tests="1" failures="0" timestamp="01 Feb 2021 15:19:13 GMT" time="0.047" errors="0">
  <testcase name="shouldAnswerWithTrue" time="0.047" classname="mavennaveen.mavennaveen.AppTest"/>
</testsuite> <!-- mavennaveen.mavennaveen.AppTest -->
